<?xml version="1.0" encoding="UTF-8"?>
<testsuite name="oicnanev.org.geocell.GeocellApplicationTests" tests="1" skipped="0" failures="0" errors="0" timestamp="2023-12-23T14:49:06" hostname="geocell-api" time="0.724">
  <properties/>
  <testcase name="contextLoads()" classname="oicnanev.org.geocell.GeocellApplicationTests" time="0.724"/>
  <system-out><![CDATA[14:49:04.726 [Test worker] INFO org.springframework.test.context.support.AnnotationConfigContextLoaderUtils -- Could not detect default configuration classes for test class [oicnanev.org.geocell.GeocellApplicationTests]: GeocellApplicationTests does not declare any static, non-private, non-final, nested classes annotated with @Configuration.
14:49:04.833 [Test worker] INFO org.springframework.boot.test.context.SpringBootTestContextBootstrapper -- Found @SpringBootConfiguration oicnanev.org.geocell.GeocellApplication for test class oicnanev.org.geocell.GeocellApplicationTests

  .   ____          _            __ _ _
 /\\ / ___'_ __ _ _(_)_ __  __ _ \ \ \ \
( ( )\___ | '_ | '_| | '_ \/ _` | \ \ \ \
 \\/  ___)| |_)| | | | | || (_| |  ) ) ) )
  '  |____| .__|_| |_|_| |_\__, | / / / /
 =========|_|==============|___/=/_/_/_/
 :: Spring Boot ::                (v3.2.1)

2023-12-23T14:49:05.232Z  INFO 18860 --- [    Test worker] o.org.geocell.GeocellApplicationTests    : Starting GeocellApplicationTests using Java 17.0.9 with PID 18860 (started by ubuntu in /home/ubuntu/geoCell-API/geocell)
2023-12-23T14:49:05.234Z  INFO 18860 --- [    Test worker] o.org.geocell.GeocellApplicationTests    : No active profile set, falling back to 1 default profile: "default"
2023-12-23T14:49:06.649Z  INFO 18860 --- [    Test worker] o.org.geocell.GeocellApplicationTests    : Started GeocellApplicationTests in 1.659 seconds (process running for 2.913)
]]></system-out>
  <system-err><![CDATA[]]></system-err>
</testsuite>
